<?xml version="1.0" encoding="UTF-8"?>
<!-- Generated by org.testng.reporters.JUnitReportReporter -->
<testsuite skipped="0" hostname="MSI" name="com.testcase.TestCases" tests="3" failures="0" timestamp="2021-12-06T12:26:52 IST" time="30.620" errors="0">
  <testcase name="homePageTesting" time="25.804" classname="com.testcase.TestCases"/>
  <system-out>
    <![CDATA[Home Page started..
Home Page Ended..]]>
  </system-out>
  <testcase name="searchResult" time="0.285" classname="com.testcase.TestCases"/>
  <system-out>
    <![CDATA[Search Result started..
Search Result Ended..]]>
  </system-out>
  <testcase name="order" time="4.531" classname="com.testcase.TestCases"/>
  <system-out>
    <![CDATA[Order Page started..
Order Page Ended..]]>
  </system-out>
</testsuite> <!-- com.testcase.TestCases -->
